MOMMY LONG LEGS/Library/Bee/Android/Prj/Mono2x/Gradle/launcher/build/intermediates/manifest_merge_blame_file/release/manifest-merger-blame-release-report.txt
1<?xml version="1.0" encoding="utf-8"?>
2<manifest xmlns:android="http://schemas.android.com/apk/res/android"
3    package="com.DefaultCompany.MOMMYLONGLEGS"
4    android:installLocation="preferExternal"
5    android:versionCode="2"
6    android:versionName="0.2" >
7
8    <uses-sdk
9        android:minSdkVersion="22"
9-->src\main\AndroidManifest.xml
10        android:targetSdkVersion="30" />
10-->src\main\AndroidManifest.xml
11
12    <supports-screens
12-->src\main\AndroidManifest.xml:3:3-163
13        android:anyDensity="true"
13-->src\main\AndroidManifest.xml:3:135-160
14        android:largeScreens="true"
14-->src\main\AndroidManifest.xml:3:78-105
15        android:normalScreens="true"
15-->src\main\AndroidManifest.xml:3:49-77
16        android:smallScreens="true"
16-->src\main\AndroidManifest.xml:3:21-48
17        android:xlargeScreens="true" />
17-->src\main\AndroidManifest.xml:3:106-134
18
19    <uses-feature android:glEsVersion="0x00030000" />
19-->[:unityLibrary] AndroidManifest.xml:12:5-54
19-->[:unityLibrary] AndroidManifest.xml:12:19-51
20    <uses-feature
20-->[:unityLibrary] AndroidManifest.xml:13:5-15:36
21        android:name="android.hardware.vulkan.version"
21-->[:unityLibrary] AndroidManifest.xml:14:9-55
22        android:required="false" />
22-->[:unityLibrary] AndroidManifest.xml:15:9-33
23
24    <uses-permission android:name="android.permission.INTERNET" />
24-->[:unityLibrary] AndroidManifest.xml:17:5-67
24-->[:unityLibrary] AndroidManifest.xml:17:22-64
25    <uses-permission android:name="android.permission.VIBRATE" />
25-->[:unityLibrary] AndroidManifest.xml:18:5-66
25-->[:unityLibrary] AndroidManifest.xml:18:22-63
26    <uses-permission android:name="android.permission.ACCESS_NETWORK_STATE" />
26-->[:unityLibrary] AndroidManifest.xml:19:5-79
26-->[:unityLibrary] AndroidManifest.xml:19:22-76
27
28    <uses-feature
28-->[:unityLibrary] AndroidManifest.xml:21:5-23:36
29        android:name="android.hardware.touchscreen"
29-->[:unityLibrary] AndroidManifest.xml:22:9-52
30        android:required="false" />
30-->[:unityLibrary] AndroidManifest.xml:23:9-33
31    <uses-feature
31-->[:unityLibrary] AndroidManifest.xml:24:5-26:36
32        android:name="android.hardware.touchscreen.multitouch"
32-->[:unityLibrary] AndroidManifest.xml:25:9-63
33        android:required="false" />
33-->[:unityLibrary] AndroidManifest.xml:26:9-33
34    <uses-feature
34-->[:unityLibrary] AndroidManifest.xml:27:5-29:36
35        android:name="android.hardware.touchscreen.multitouch.distinct"
35-->[:unityLibrary] AndroidManifest.xml:28:9-72
36        android:required="false" /> <!-- Include required permissions for Advertising Id -->
36-->[:unityLibrary] AndroidManifest.xml:29:9-33
37    <uses-permission android:name="com.google.android.gms.permission.AD_ID" /> <!-- Android package visibility setting -->
37-->[:com.google.android.gms.play-services-ads-identifier-18.0.0:] AndroidManifest.xml:23:5-79
37-->[:com.google.android.gms.play-services-ads-identifier-18.0.0:] AndroidManifest.xml:23:22-76
38    <queries>
38-->[:com.google.android.gms.play-services-ads-lite-21.0.0:] AndroidManifest.xml:24:3-37:13
39
40        <!-- For browser content -->
41        <intent>
41-->[:com.google.android.gms.play-services-ads-lite-21.0.0:] AndroidManifest.xml:26:5-30:14
42            <action android:name="android.intent.action.VIEW" />
42-->[:com.google.android.gms.play-services-ads-lite-21.0.0:] AndroidManifest.xml:27:7-59
42-->[:com.google.android.gms.play-services-ads-lite-21.0.0:] AndroidManifest.xml:27:15-56
43
44            <category android:name="android.intent.category.BROWSABLE" />
44-->[:com.google.android.gms.play-services-ads-lite-21.0.0:] AndroidManifest.xml:28:7-68
44-->[:com.google.android.gms.play-services-ads-lite-21.0.0:] AndroidManifest.xml:28:17-65
45
46            <data android:scheme="https" />
46-->[:com.google.android.gms.play-services-ads-lite-21.0.0:] AndroidManifest.xml:29:7-38
46-->[:com.google.android.gms.play-services-ads-lite-21.0.0:] AndroidManifest.xml:29:13-35
47        </intent>
48        <!-- End of browser content -->
49        <!-- For CustomTabsService -->
50        <intent>
50-->[:com.google.android.gms.play-services-ads-lite-21.0.0:] AndroidManifest.xml:26:5-30:14
51            <action android:name="android.support.customtabs.action.CustomTabsService" />
52        </intent>
53        <!-- End of CustomTabsService -->
54    </queries>
55
56    <uses-permission android:name="android.permission.WAKE_LOCK" />
56-->[:androidx.work.work-runtime-2.7.0:] AndroidManifest.xml:19:3-66
56-->[:androidx.work.work-runtime-2.7.0:] AndroidManifest.xml:19:20-63
57    <uses-permission android:name="android.permission.RECEIVE_BOOT_COMPLETED" />
57-->[:androidx.work.work-runtime-2.7.0:] AndroidManifest.xml:21:3-79
57-->[:androidx.work.work-runtime-2.7.0:] AndroidManifest.xml:21:20-76
58    <uses-permission android:name="android.permission.FOREGROUND_SERVICE" />
58-->[:androidx.work.work-runtime-2.7.0:] AndroidManifest.xml:22:3-75
58-->[:androidx.work.work-runtime-2.7.0:] AndroidManifest.xml:22:20-72
59    <uses-permission android:name="com.android.vending.BILLING" />
59-->[:billing-3.0.3:] AndroidManifest.xml:10:5-67
59-->[:billing-3.0.3:] AndroidManifest.xml:10:22-64
60
61    <application
61-->src\main\AndroidManifest.xml:4:3-83
62        android:appComponentFactory="androidx.core.app.CoreComponentFactory"
62-->[:androidx.core.core-1.6.0:] AndroidManifest.xml:24:18-86
63        android:extractNativeLibs="true"
63-->[:unityLibrary] AndroidManifest.xml:31:18-50
64        android:icon="@mipmap/app_icon"
64-->src\main\AndroidManifest.xml:4:49-80
65        android:label="@string/app_name" >
65-->src\main\AndroidManifest.xml:4:16-48
66        <activity
66-->[:unityLibrary] AndroidManifest.xml:32:9-52:20
67            android:name="com.unity3d.player.UnityPlayerActivity"
67-->[:unityLibrary] AndroidManifest.xml:33:13-66
68            android:configChanges="mcc|mnc|locale|touchscreen|keyboard|keyboardHidden|navigation|orientation|screenLayout|uiMode|screenSize|smallestScreenSize|fontScale|layoutDirection|density"
68-->[:unityLibrary] AndroidManifest.xml:34:13-194
69            android:hardwareAccelerated="false"
69-->[:unityLibrary] AndroidManifest.xml:35:13-48
70            android:launchMode="singleTask"
70-->[:unityLibrary] AndroidManifest.xml:36:13-44
71            android:resizeableActivity="false"
71-->[:unityLibrary] AndroidManifest.xml:37:13-47
72            android:screenOrientation="fullSensor"
72-->[:unityLibrary] AndroidManifest.xml:38:13-51
73            android:theme="@style/UnityThemeSelector" >
73-->[:unityLibrary] AndroidManifest.xml:39:13-54
74            <intent-filter>
74-->[:unityLibrary] AndroidManifest.xml:40:13-44:29
75                <action android:name="android.intent.action.MAIN" />
75-->[:unityLibrary] AndroidManifest.xml:41:17-69
75-->[:unityLibrary] AndroidManifest.xml:41:25-66
76
77                <category android:name="android.intent.category.LAUNCHER" />
77-->[:unityLibrary] AndroidManifest.xml:43:17-77
77-->[:unityLibrary] AndroidManifest.xml:43:27-74
78            </intent-filter>
79
80            <meta-data
80-->[:unityLibrary] AndroidManifest.xml:46:13-48:40
81                android:name="unityplayer.UnityActivity"
81-->[:unityLibrary] AndroidManifest.xml:47:17-57
82                android:value="true" />
82-->[:unityLibrary] AndroidManifest.xml:48:17-37
83            <meta-data
83-->[:unityLibrary] AndroidManifest.xml:49:13-51:40
84                android:name="android.notch_support"
84-->[:unityLibrary] AndroidManifest.xml:50:17-53
85                android:value="true" />
85-->[:unityLibrary] AndroidManifest.xml:51:17-37
86        </activity>
87
88        <meta-data
88-->[:unityLibrary] AndroidManifest.xml:54:9-56:33
89            android:name="unity.splash-mode"
89-->[:unityLibrary] AndroidManifest.xml:55:13-45
90            android:value="0" />
90-->[:unityLibrary] AndroidManifest.xml:56:13-30
91        <meta-data
91-->[:unityLibrary] AndroidManifest.xml:57:9-59:36
92            android:name="unity.splash-enable"
92-->[:unityLibrary] AndroidManifest.xml:58:13-47
93            android:value="True" />
93-->[:unityLibrary] AndroidManifest.xml:59:13-33
94        <meta-data
94-->[:unityLibrary] AndroidManifest.xml:60:9-62:36
95            android:name="unity.launch-fullscreen"
95-->[:unityLibrary] AndroidManifest.xml:61:13-51
96            android:value="True" />
96-->[:unityLibrary] AndroidManifest.xml:62:13-33
97        <meta-data
97-->[:unityLibrary] AndroidManifest.xml:63:9-65:37
98            android:name="unity.allow-resizable-window"
98-->[:unityLibrary] AndroidManifest.xml:64:13-56
99            android:value="False" />
99-->[:unityLibrary] AndroidManifest.xml:65:13-34
100        <meta-data
100-->[:unityLibrary] AndroidManifest.xml:66:9-68:50
101            android:name="notch.config"
101-->[:unityLibrary] AndroidManifest.xml:67:13-40
102            android:value="portrait|landscape" />
102-->[:unityLibrary] AndroidManifest.xml:68:13-47
103        <meta-data
103-->[:com.google.android.gms.play-services-basement-18.0.0:] AndroidManifest.xml:21:9-23:69
104            android:name="com.google.android.gms.version"
104-->[:com.google.android.gms.play-services-basement-18.0.0:] AndroidManifest.xml:22:13-58
105            android:value="@integer/google_play_services_version" /> <!-- Include the AdActivity and InAppPurchaseActivity configChanges and themes. -->
105-->[:com.google.android.gms.play-services-basement-18.0.0:] AndroidManifest.xml:23:13-66
106        <activity
106-->[:com.google.android.gms.play-services-ads-lite-21.0.0:] AndroidManifest.xml:40:5-254
107            android:name="com.google.android.gms.ads.AdActivity"
107-->[:com.google.android.gms.play-services-ads-lite-21.0.0:] AndroidManifest.xml:40:15-67
108            android:configChanges="keyboard|keyboardHidden|orientation|screenLayout|uiMode|screenSize|smallestScreenSize"
108-->[:com.google.android.gms.play-services-ads-lite-21.0.0:] AndroidManifest.xml:40:68-177
109            android:exported="false"
109-->[:com.google.android.gms.play-services-ads-lite-21.0.0:] AndroidManifest.xml:40:178-202
110            android:theme="@android:style/Theme.Translucent" />
110-->[:com.google.android.gms.play-services-ads-lite-21.0.0:] AndroidManifest.xml:40:203-251
111
112        <provider
112-->[:com.google.android.gms.play-services-ads-lite-21.0.0:] AndroidManifest.xml:41:5-207
113            android:name="com.google.android.gms.ads.MobileAdsInitProvider"
113-->[:com.google.android.gms.play-services-ads-lite-21.0.0:] AndroidManifest.xml:41:15-78
114            android:authorities="com.DefaultCompany.MOMMYLONGLEGS.mobileadsinitprovider"
114-->[:com.google.android.gms.play-services-ads-lite-21.0.0:] AndroidManifest.xml:41:79-155
115            android:exported="false"
115-->[:com.google.android.gms.play-services-ads-lite-21.0.0:] AndroidManifest.xml:41:156-180
116            android:initOrder="100" />
116-->[:com.google.android.gms.play-services-ads-lite-21.0.0:] AndroidManifest.xml:41:181-204
117
118        <service
118-->[:com.google.android.gms.play-services-ads-lite-21.0.0:] AndroidManifest.xml:42:5-116
119            android:name="com.google.android.gms.ads.AdService"
119-->[:com.google.android.gms.play-services-ads-lite-21.0.0:] AndroidManifest.xml:42:14-65
120            android:enabled="true"
120-->[:com.google.android.gms.play-services-ads-lite-21.0.0:] AndroidManifest.xml:42:66-88
121            android:exported="false" />
121-->[:com.google.android.gms.play-services-ads-lite-21.0.0:] AndroidManifest.xml:42:89-113
122
123        <provider
123-->[:androidx.lifecycle.lifecycle-process-2.4.1:] AndroidManifest.xml:20:5-22:16
124            android:name="androidx.startup.InitializationProvider"
124-->[:androidx.lifecycle.lifecycle-process-2.4.1:] AndroidManifest.xml:20:15-69
125            android:authorities="com.DefaultCompany.MOMMYLONGLEGS.androidx-startup"
125-->[:androidx.lifecycle.lifecycle-process-2.4.1:] AndroidManifest.xml:20:70-141
126            android:exported="false" >
126-->[:androidx.lifecycle.lifecycle-process-2.4.1:] AndroidManifest.xml:20:142-166
127            <meta-data
127-->[:androidx.lifecycle.lifecycle-process-2.4.1:] AndroidManifest.xml:21:7-115
128                android:name="androidx.lifecycle.ProcessLifecycleInitializer"
128-->[:androidx.lifecycle.lifecycle-process-2.4.1:] AndroidManifest.xml:21:18-79
129                android:value="androidx.startup" />
129-->[:androidx.lifecycle.lifecycle-process-2.4.1:] AndroidManifest.xml:21:80-112
130            <meta-data
130-->[:androidx.work.work-runtime-2.7.0:] AndroidManifest.xml:25:7-105
131                android:name="androidx.work.WorkManagerInitializer"
131-->[:androidx.work.work-runtime-2.7.0:] AndroidManifest.xml:25:18-69
132                android:value="androidx.startup" />
132-->[:androidx.work.work-runtime-2.7.0:] AndroidManifest.xml:25:70-102
133        </provider>
134
135        <service
135-->[:androidx.work.work-runtime-2.7.0:] AndroidManifest.xml:27:5-229
136            android:name="androidx.work.impl.background.systemalarm.SystemAlarmService"
136-->[:androidx.work.work-runtime-2.7.0:] AndroidManifest.xml:27:14-89
137            android:directBootAware="false"
137-->[:androidx.work.work-runtime-2.7.0:] AndroidManifest.xml:27:90-121
138            android:enabled="@bool/enable_system_alarm_service_default"
138-->[:androidx.work.work-runtime-2.7.0:] AndroidManifest.xml:27:122-181
139            android:exported="false" />
139-->[:androidx.work.work-runtime-2.7.0:] AndroidManifest.xml:27:182-206
140        <service
140-->[:androidx.work.work-runtime-2.7.0:] AndroidManifest.xml:28:5-279
141            android:name="androidx.work.impl.background.systemjob.SystemJobService"
141-->[:androidx.work.work-runtime-2.7.0:] AndroidManifest.xml:28:14-85
142            android:directBootAware="false"
142-->[:androidx.work.work-runtime-2.7.0:] AndroidManifest.xml:28:86-117
143            android:enabled="@bool/enable_system_job_service_default"
143-->[:androidx.work.work-runtime-2.7.0:] AndroidManifest.xml:28:118-175
144            android:exported="true"
144-->[:androidx.work.work-runtime-2.7.0:] AndroidManifest.xml:28:176-199
145            android:permission="android.permission.BIND_JOB_SERVICE" />
145-->[:androidx.work.work-runtime-2.7.0:] AndroidManifest.xml:28:200-256
146        <service
146-->[:androidx.work.work-runtime-2.7.0:] AndroidManifest.xml:29:5-227
147            android:name="androidx.work.impl.foreground.SystemForegroundService"
147-->[:androidx.work.work-runtime-2.7.0:] AndroidManifest.xml:29:14-82
148            android:directBootAware="false"
148-->[:androidx.work.work-runtime-2.7.0:] AndroidManifest.xml:29:83-114
149            android:enabled="@bool/enable_system_foreground_service_default"
149-->[:androidx.work.work-runtime-2.7.0:] AndroidManifest.xml:29:115-179
150            android:exported="false" />
150-->[:androidx.work.work-runtime-2.7.0:] AndroidManifest.xml:29:180-204
151
152        <receiver
152-->[:androidx.work.work-runtime-2.7.0:] AndroidManifest.xml:30:5-193
153            android:name="androidx.work.impl.utils.ForceStopRunnable$BroadcastReceiver"
153-->[:androidx.work.work-runtime-2.7.0:] AndroidManifest.xml:30:15-90
154            android:directBootAware="false"
154-->[:androidx.work.work-runtime-2.7.0:] AndroidManifest.xml:30:91-122
155            android:enabled="true"
155-->[:androidx.work.work-runtime-2.7.0:] AndroidManifest.xml:30:123-145
156            android:exported="false" />
156-->[:androidx.work.work-runtime-2.7.0:] AndroidManifest.xml:30:146-170
157        <receiver
157-->[:androidx.work.work-runtime-2.7.0:] AndroidManifest.xml:31:5-36:16
158            android:name="androidx.work.impl.background.systemalarm.ConstraintProxy$BatteryChargingProxy"
158-->[:androidx.work.work-runtime-2.7.0:] AndroidManifest.xml:31:15-108
159            android:directBootAware="false"
159-->[:androidx.work.work-runtime-2.7.0:] AndroidManifest.xml:31:109-140
160            android:enabled="false"
160-->[:androidx.work.work-runtime-2.7.0:] AndroidManifest.xml:31:141-164
161            android:exported="false" >
161-->[:androidx.work.work-runtime-2.7.0:] AndroidManifest.xml:31:165-189
162            <intent-filter>
162-->[:androidx.work.work-runtime-2.7.0:] AndroidManifest.xml:32:7-35:23
163                <action android:name="android.intent.action.ACTION_POWER_CONNECTED" />
163-->[:androidx.work.work-runtime-2.7.0:] AndroidManifest.xml:33:9-79
163-->[:androidx.work.work-runtime-2.7.0:] AndroidManifest.xml:33:17-76
164                <action android:name="android.intent.action.ACTION_POWER_DISCONNECTED" />
164-->[:androidx.work.work-runtime-2.7.0:] AndroidManifest.xml:34:9-82
164-->[:androidx.work.work-runtime-2.7.0:] AndroidManifest.xml:34:17-79
165            </intent-filter>
166        </receiver>
167        <receiver
167-->[:androidx.work.work-runtime-2.7.0:] AndroidManifest.xml:37:5-42:16
168            android:name="androidx.work.impl.background.systemalarm.ConstraintProxy$BatteryNotLowProxy"
168-->[:androidx.work.work-runtime-2.7.0:] AndroidManifest.xml:37:15-106
169            android:directBootAware="false"
169-->[:androidx.work.work-runtime-2.7.0:] AndroidManifest.xml:37:107-138
170            android:enabled="false"
170-->[:androidx.work.work-runtime-2.7.0:] AndroidManifest.xml:37:139-162
171            android:exported="false" >
171-->[:androidx.work.work-runtime-2.7.0:] AndroidManifest.xml:37:163-187
172            <intent-filter>
172-->[:androidx.work.work-runtime-2.7.0:] AndroidManifest.xml:38:7-41:23
173                <action android:name="android.intent.action.BATTERY_OKAY" />
173-->[:androidx.work.work-runtime-2.7.0:] AndroidManifest.xml:39:9-69
173-->[:androidx.work.work-runtime-2.7.0:] AndroidManifest.xml:39:17-66
174                <action android:name="android.intent.action.BATTERY_LOW" />
174-->[:androidx.work.work-runtime-2.7.0:] AndroidManifest.xml:40:9-68
174-->[:androidx.work.work-runtime-2.7.0:] AndroidManifest.xml:40:17-65
175            </intent-filter>
176        </receiver>
177        <receiver
177-->[:androidx.work.work-runtime-2.7.0:] AndroidManifest.xml:43:5-48:16
178            android:name="androidx.work.impl.background.systemalarm.ConstraintProxy$StorageNotLowProxy"
178-->[:androidx.work.work-runtime-2.7.0:] AndroidManifest.xml:43:15-106
179            android:directBootAware="false"
179-->[:androidx.work.work-runtime-2.7.0:] AndroidManifest.xml:43:107-138
180            android:enabled="false"
180-->[:androidx.work.work-runtime-2.7.0:] AndroidManifest.xml:43:139-162
181            android:exported="false" >
181-->[:androidx.work.work-runtime-2.7.0:] AndroidManifest.xml:43:163-187
182            <intent-filter>
182-->[:androidx.work.work-runtime-2.7.0:] AndroidManifest.xml:44:7-47:23
183                <action android:name="android.intent.action.DEVICE_STORAGE_LOW" />
183-->[:androidx.work.work-runtime-2.7.0:] AndroidManifest.xml:45:9-75
183-->[:androidx.work.work-runtime-2.7.0:] AndroidManifest.xml:45:17-72
184                <action android:name="android.intent.action.DEVICE_STORAGE_OK" />
184-->[:androidx.work.work-runtime-2.7.0:] AndroidManifest.xml:46:9-74
184-->[:androidx.work.work-runtime-2.7.0:] AndroidManifest.xml:46:17-71
185            </intent-filter>
186        </receiver>
187        <receiver
187-->[:androidx.work.work-runtime-2.7.0:] AndroidManifest.xml:49:5-53:16
188            android:name="androidx.work.impl.background.systemalarm.ConstraintProxy$NetworkStateProxy"
188-->[:androidx.work.work-runtime-2.7.0:] AndroidManifest.xml:49:15-105
189            android:directBootAware="false"
189-->[:androidx.work.work-runtime-2.7.0:] AndroidManifest.xml:49:106-137
190            android:enabled="false"
190-->[:androidx.work.work-runtime-2.7.0:] AndroidManifest.xml:49:138-161
191            android:exported="false" >
191-->[:androidx.work.work-runtime-2.7.0:] AndroidManifest.xml:49:162-186
192            <intent-filter>
192-->[:androidx.work.work-runtime-2.7.0:] AndroidManifest.xml:50:7-52:23
193                <action android:name="android.net.conn.CONNECTIVITY_CHANGE" />
193-->[:androidx.work.work-runtime-2.7.0:] AndroidManifest.xml:51:9-71
193-->[:androidx.work.work-runtime-2.7.0:] AndroidManifest.xml:51:17-68
194            </intent-filter>
195        </receiver>
196        <receiver
196-->[:androidx.work.work-runtime-2.7.0:] AndroidManifest.xml:54:5-60:16
197            android:name="androidx.work.impl.background.systemalarm.RescheduleReceiver"
197-->[:androidx.work.work-runtime-2.7.0:] AndroidManifest.xml:54:15-90
198            android:directBootAware="false"
198-->[:androidx.work.work-runtime-2.7.0:] AndroidManifest.xml:54:91-122
199            android:enabled="false"
199-->[:androidx.work.work-runtime-2.7.0:] AndroidManifest.xml:54:123-146
200            android:exported="false" >
200-->[:androidx.work.work-runtime-2.7.0:] AndroidManifest.xml:54:147-171
201            <intent-filter>
201-->[:androidx.work.work-runtime-2.7.0:] AndroidManifest.xml:55:7-59:23
202                <action android:name="android.intent.action.BOOT_COMPLETED" />
202-->[:androidx.work.work-runtime-2.7.0:] AndroidManifest.xml:56:9-71
202-->[:androidx.work.work-runtime-2.7.0:] AndroidManifest.xml:56:17-68
203                <action android:name="android.intent.action.TIME_SET" />
203-->[:androidx.work.work-runtime-2.7.0:] AndroidManifest.xml:57:9-65
203-->[:androidx.work.work-runtime-2.7.0:] AndroidManifest.xml:57:17-62
204                <action android:name="android.intent.action.TIMEZONE_CHANGED" />
204-->[:androidx.work.work-runtime-2.7.0:] AndroidManifest.xml:58:9-73
204-->[:androidx.work.work-runtime-2.7.0:] AndroidManifest.xml:58:17-70
205            </intent-filter>
206        </receiver>
207        <receiver
207-->[:androidx.work.work-runtime-2.7.0:] AndroidManifest.xml:61:5-65:16
208            android:name="androidx.work.impl.background.systemalarm.ConstraintProxyUpdateReceiver"
208-->[:androidx.work.work-runtime-2.7.0:] AndroidManifest.xml:61:15-101
209            android:directBootAware="false"
209-->[:androidx.work.work-runtime-2.7.0:] AndroidManifest.xml:61:102-133
210            android:enabled="@bool/enable_system_alarm_service_default"
210-->[:androidx.work.work-runtime-2.7.0:] AndroidManifest.xml:61:134-193
211            android:exported="false" >
211-->[:androidx.work.work-runtime-2.7.0:] AndroidManifest.xml:61:194-218
212            <intent-filter>
212-->[:androidx.work.work-runtime-2.7.0:] AndroidManifest.xml:62:7-64:23
213                <action android:name="androidx.work.impl.background.systemalarm.UpdateProxies" />
213-->[:androidx.work.work-runtime-2.7.0:] AndroidManifest.xml:63:9-90
213-->[:androidx.work.work-runtime-2.7.0:] AndroidManifest.xml:63:17-87
214            </intent-filter>
215        </receiver>
216        <receiver
216-->[:androidx.work.work-runtime-2.7.0:] AndroidManifest.xml:66:5-70:16
217            android:name="androidx.work.impl.diagnostics.DiagnosticsReceiver"
217-->[:androidx.work.work-runtime-2.7.0:] AndroidManifest.xml:66:15-80
218            android:directBootAware="false"
218-->[:androidx.work.work-runtime-2.7.0:] AndroidManifest.xml:66:81-112
219            android:enabled="true"
219-->[:androidx.work.work-runtime-2.7.0:] AndroidManifest.xml:66:113-135
220            android:exported="true"
220-->[:androidx.work.work-runtime-2.7.0:] AndroidManifest.xml:66:136-159
221            android:permission="android.permission.DUMP" >
221-->[:androidx.work.work-runtime-2.7.0:] AndroidManifest.xml:66:160-204
222            <intent-filter>
222-->[:androidx.work.work-runtime-2.7.0:] AndroidManifest.xml:67:7-69:23
223                <action android:name="androidx.work.diagnostics.REQUEST_DIAGNOSTICS" />
223-->[:androidx.work.work-runtime-2.7.0:] AndroidManifest.xml:68:9-80
223-->[:androidx.work.work-runtime-2.7.0:] AndroidManifest.xml:68:17-77
224            </intent-filter>
225        </receiver>
226
227        <activity
227-->[:com.google.android.gms.play-services-base-18.0.0:] AndroidManifest.xml:20:9-22:45
228            android:name="com.google.android.gms.common.api.GoogleApiActivity"
228-->[:com.google.android.gms.play-services-base-18.0.0:] AndroidManifest.xml:20:19-85
229            android:exported="false"
229-->[:com.google.android.gms.play-services-base-18.0.0:] AndroidManifest.xml:22:19-43
230            android:theme="@android:style/Theme.Translucent.NoTitleBar" />
230-->[:com.google.android.gms.play-services-base-18.0.0:] AndroidManifest.xml:21:19-78
231
232        <service
232-->[:androidx.room.room-runtime-2.2.5:] AndroidManifest.xml:25:9-28:40
233            android:name="androidx.room.MultiInstanceInvalidationService"
233-->[:androidx.room.room-runtime-2.2.5:] AndroidManifest.xml:26:13-74
234            android:directBootAware="true"
234-->[:androidx.room.room-runtime-2.2.5:] AndroidManifest.xml:27:13-43
235            android:exported="false" />
235-->[:androidx.room.room-runtime-2.2.5:] AndroidManifest.xml:28:13-37
236
237        <meta-data
237-->[:billing-3.0.3:] AndroidManifest.xml:13:9-15:37
238            android:name="com.google.android.play.billingclient.version"
238-->[:billing-3.0.3:] AndroidManifest.xml:14:13-73
239            android:value="3.0.3" />
239-->[:billing-3.0.3:] AndroidManifest.xml:15:13-34
240
241        <activity
241-->[:billing-3.0.3:] AndroidManifest.xml:17:9-21:75
242            android:name="com.android.billingclient.api.ProxyBillingActivity"
242-->[:billing-3.0.3:] AndroidManifest.xml:18:13-78
243            android:configChanges="keyboard|keyboardHidden|screenLayout|screenSize|orientation"
243-->[:billing-3.0.3:] AndroidManifest.xml:19:13-96
244            android:exported="false"
244-->[:billing-3.0.3:] AndroidManifest.xml:20:13-37
245            android:theme="@android:style/Theme.Translucent.NoTitleBar" />
245-->[:billing-3.0.3:] AndroidManifest.xml:21:13-72
246
247        <uses-library
247-->[:unityLibrary:GoogleMobileAdsPlugin.androidlib] AndroidManifest.xml:12:9-14:40
248            android:name="org.apache.http.legacy"
248-->[:unityLibrary:GoogleMobileAdsPlugin.androidlib] AndroidManifest.xml:13:13-50
249            android:required="false" />
249-->[:unityLibrary:GoogleMobileAdsPlugin.androidlib] AndroidManifest.xml:14:13-37
250
251        <meta-data
251-->[:unityLibrary:GoogleMobileAdsPlugin.androidlib] AndroidManifest.xml:16:9-18:70
252            android:name="com.google.android.gms.ads.APPLICATION_ID"
252-->[:unityLibrary:GoogleMobileAdsPlugin.androidlib] AndroidManifest.xml:17:13-69
253            android:value="ca-app-pub-1132749028964973~3526151545" />
253-->[:unityLibrary:GoogleMobileAdsPlugin.androidlib] AndroidManifest.xml:18:13-67
254    </application>
255
256</manifest>